# file re-initialized on "Mon Feb 28 23:07:01 PST 2000"
# PLEASE DO NOT edit this file
2866~Tue Oct 26 01:10:18 1999~0002281507
2866~Tue Oct 26 01:10:18 1999~0002282307
2907~Tue Oct 26 01:10:18 1999~0002290707
3156~Tue Oct 26 01:10:18 1999~0002291507
3156~Tue Oct 26 01:10:18 1999~0002292307
3470~Tue Oct 26 01:10:18 1999~9912171507
841~Fri Dec 17 17:36:10 1999~9912172307
841~Fri Dec 17 17:36:10 1999~9912180707
1638~Fri Dec 17 17:36:10 1999~9912181507
1638~Fri Dec 17 17:36:10 1999~9912182307
1~Sun Dec 19 01:05:01 PST 1999: re-initialized by "cleanup.sh"~9912190707
1~Sun Dec 19 01:05:01 PST 1999: re-initialized by "cleanup.sh"~9912191507
1861~Sun Dec 19 01:05:01 PST 1999: re-initialized by "cleanup.sh"~9912201507
2524~Sun Dec 19 01:05:01 PST 1999: re-initialized by "cleanup.sh"~9912202307
2524~Sun Dec 19 01:05:01 PST 1999: re-initialized by "cleanup.sh"~9912210707
2901~Sun Dec 19 01:05:01 PST 1999: re-initialized by "cleanup.sh"~9912211507
2909~Sun Dec 19 01:05:01 PST 1999: re-initialized by "cleanup.sh"~9912212307
2967~Sun Dec 19 01:05:01 PST 1999: re-initialized by "cleanup.sh"~9912220707
3119~Sun Dec 19 01:05:01 PST 1999: re-initialized by "cleanup.sh"~9912221507
3119~Sun Dec 19 01:05:01 PST 1999: re-initialized by "cleanup.sh"~9912222307
3119~Sun Dec 19 01:05:01 PST 1999: re-initialized by "cleanup.sh"~9912230707
3243~Sun Dec 19 01:05:01 PST 1999: re-initialized by "cleanup.sh"~9912231507
3243~Sun Dec 19 01:05:01 PST 1999: re-initialized by "cleanup.sh"~9912232307
3243~Sun Dec 19 01:05:01 PST 1999: re-initialized by "cleanup.sh"~9912240707
3243~Sun Dec 19 01:05:01 PST 1999: re-initialized by "cleanup.sh"~9912241507
3243~Sun Dec 19 01:05:01 PST 1999: re-initialized by "cleanup.sh"~9912242307
3243~Sun Dec 19 01:05:01 PST 1999: re-initialized by "cleanup.sh"~9912250707
3243~Sun Dec 19 01:05:01 PST 1999: re-initialized by "cleanup.sh"~9912251507
3243~Sun Dec 19 01:05:01 PST 1999: re-initialized by "cleanup.sh"~9912252307
1~Sun Dec 26 01:05:01 PST 1999: re-initialized by "cleanup.sh"~9912260707
1~Sun Dec 26 01:05:01 PST 1999: re-initialized by "cleanup.sh"~9912261507
1~Sun Dec 26 01:05:01 PST 1999: re-initialized by "cleanup.sh"~9912262307
1~Sun Dec 26 01:05:01 PST 1999: re-initialized by "cleanup.sh"~9912270707
139~Sun Dec 26 01:05:01 PST 1999: re-initialized by "cleanup.sh"~9912271507
139~Sun Dec 26 01:05:01 PST 1999: re-initialized by "cleanup.sh"~9912272307
139~Sun Dec 26 01:05:01 PST 1999: re-initialized by "cleanup.sh"~9912280707
139~Sun Dec 26 01:05:01 PST 1999: re-initialized by "cleanup.sh"~9912281507
139~Sun Dec 26 01:05:01 PST 1999: re-initialized by "cleanup.sh"~9912282307
139~Sun Dec 26 01:05:01 PST 1999: re-initialized by "cleanup.sh"~9912290707
